<?xml version="1.0" encoding="UTF-8"?>
<testsuite name="memory.MemoryFinderTest" tests="1" skipped="0" failures="0" errors="0" timestamp="2023-03-30T14:07:10" hostname="LAPTOP-V782G6DG" time="0.283">
  <properties/>
  <testcase name="get()" classname="memory.MemoryFinderTest" time="0.283"/>
  <system-out><![CDATA[]]></system-out>
  <system-err><![CDATA[]]></system-err>
</testsuite>
